2017-02-09 23:18:06 [INFO]-MLog clients using log4j logging.
2017-02-09 23:18:07 [INFO]-Initializing c3p0-0.9.1.2 [built 21-May-2007 15:04:56; debug? true; trace: 10]
2017-02-09 23:18:08 [INFO]-Initializing c3p0 pool... com.mchange.v2.c3p0.ComboPooledDataSource [ acquireIncrement -> 10, acquireRetryAttempts -> 30, acquireRetryDelay -> 1000, autoCommitOnClose -> false, automaticTestTable -> null, breakAfterAcquireFailure -> false, checkoutTimeout -> 0, connectionCustomizerClassName -> null, connectionTesterClassName -> com.mchange.v2.c3p0.impl.DefaultConnectionTester, dataSourceName -> 1hgen389m9u4nw61mau0o|1edfb80, debugUnreturnedConnectionStackTraces -> false, description -> null, driverClass -> com.mysql.jdbc.Driver, factoryClassLocation -> null, forceIgnoreUnresolvedTransactions -> false, identityToken -> 1hgen389m9u4nw61mau0o|1edfb80, idleConnectionTestPeriod -> 60, initialPoolSize -> 10, jdbcUrl -> jdbc:mysql://localhost:3306/jsh_erp?useUnicode=true&amp;characterEncoding=UTF-8, maxAdministrativeTaskTime -> 0, maxConnectionAge -> 0, maxIdleTime -> 60, maxIdleTimeExcessConnections -> 0, maxPoolSize -> 80, maxStatements -> 6000, maxStatementsPerConnection -> 0, minPoolSize -> 3, numHelperThreads -> 3, numThreadsAwaitingCheckoutDefaultUser -> 0, preferredTestQuery -> null, properties -> {user=******, password=******}, propertyCycle -> 0, testConnectionOnCheckin -> false, testConnectionOnCheckout -> false, unreturnedConnectionTimeout -> 0, usesTraditionalReflectiveProxies -> false ]
2017-06-14 21:15:55 [INFO]-Root WebApplicationContext: initialization started
2017-06-14 21:15:55 [INFO]-Refreshing Root WebApplicationContext: startup date [Wed Jun 14 21:15:55 CST 2017]; root of context hierarchy
2017-06-14 21:15:56 [INFO]-Loading XML bean definitions from file [D:\mayun\JSH_ERP\src\main\webapp\WEB-INF\classes\spring\basic-applicationContext.xml]
2017-06-14 21:15:56 [INFO]-Loading XML bean definitions from file [D:\mayun\JSH_ERP\src\main\webapp\WEB-INF\classes\spring\dao-applicationContext.xml]
2017-06-14 21:15:56 [INFO]-Loading properties file from class path resource [common/jdbc.properties]
2017-06-14 21:15:56 [INFO]-Pre-instantiating singletons in org.springframework.beans.factory.support.DefaultListableBeanFactory@16d8b4e: defining beans [propertyConfig,dataSource,sessionFactory,transactionManager,txAdvice,serviceTemplate,userService,userAction,logService,logAction,supplierService,supplierAction,categoryService,categoryAction,depotService,depotAction,appService,appAction,roleService,roleAction,functionsService,functionsAction,userBusinessService,userBusinessAction,assetnameService,assetNameAction,assetService,assetAction,reportService,reportAction,personService,personAction,materialCategoryService,materialCategoryAction,materialService,materialAction,depotHeadService,depotHeadAction,depotItemService,depotItemAction,accountService,accountAction,inOutItemService,inOutItemAction,accountHeadService,accountHeadAction,accountItemService,accountItemAction,daoTemplate,baseDao,userDao,logDao,supplierDao,categoryDao,depotDao,assetNameDao,assetDao,reportDao,appDao,roleDao,functionsDao,userBusinessDao,personDao,materialCategoryDao,materialDao,depotHeadDao,depotItemDao,accountDao,inOutItemDao,accountHeadDao,accountItemDao]; root of factory hierarchy
2017-06-14 21:15:56 [INFO]-MLog clients using log4j logging.
2017-06-14 21:15:56 [INFO]-Initializing c3p0-0.9.1.2 [built 21-May-2007 15:04:56; debug? true; trace: 10]
2017-06-14 21:15:57 [INFO]-Building new Hibernate SessionFactory
2017-06-14 21:15:57 [INFO]-Initializing c3p0 pool... com.mchange.v2.c3p0.ComboPooledDataSource [ acquireIncrement -> 10, acquireRetryAttempts -> 30, acquireRetryDelay -> 1000, autoCommitOnClose -> false, automaticTestTable -> null, breakAfterAcquireFailure -> false, checkoutTimeout -> 0, connectionCustomizerClassName -> null, connectionTesterClassName -> com.mchange.v2.c3p0.impl.DefaultConnectionTester, dataSourceName -> 1hgekrn9o1a9kxwi8okfqh|183c2d9, debugUnreturnedConnectionStackTraces -> false, description -> null, driverClass -> com.mysql.jdbc.Driver, factoryClassLocation -> null, forceIgnoreUnresolvedTransactions -> false, identityToken -> 1hgekrn9o1a9kxwi8okfqh|183c2d9, idleConnectionTestPeriod -> 60, initialPoolSize -> 10, jdbcUrl -> jdbc:mysql://localhost:3306/jsh_erp?useUnicode=true&amp;characterEncoding=UTF-8, maxAdministrativeTaskTime -> 0, maxConnectionAge -> 0, maxIdleTime -> 60, maxIdleTimeExcessConnections -> 0, maxPoolSize -> 80, maxStatements -> 6000, maxStatementsPerConnection -> 0, minPoolSize -> 3, numHelperThreads -> 3, numThreadsAwaitingCheckoutDefaultUser -> 0, preferredTestQuery -> null, properties -> {user=******, password=******}, propertyCycle -> 0, testConnectionOnCheckin -> false, testConnectionOnCheckout -> false, unreturnedConnectionTimeout -> 0, usesTraditionalReflectiveProxies -> false ]
2017-06-14 21:15:58 [INFO]-Using DataSource [com.mchange.v2.c3p0.ComboPooledDataSource [ acquireIncrement -> 10, acquireRetryAttempts -> 30, acquireRetryDelay -> 1000, autoCommitOnClose -> false, automaticTestTable -> null, breakAfterAcquireFailure -> false, checkoutTimeout -> 0, connectionCustomizerClassName -> null, connectionTesterClassName -> com.mchange.v2.c3p0.impl.DefaultConnectionTester, dataSourceName -> 1hgekrn9o1a9kxwi8okfqh|183c2d9, debugUnreturnedConnectionStackTraces -> false, description -> null, driverClass -> com.mysql.jdbc.Driver, factoryClassLocation -> null, forceIgnoreUnresolvedTransactions -> false, identityToken -> 1hgekrn9o1a9kxwi8okfqh|183c2d9, idleConnectionTestPeriod -> 60, initialPoolSize -> 10, jdbcUrl -> jdbc:mysql://localhost:3306/jsh_erp?useUnicode=true&amp;characterEncoding=UTF-8, maxAdministrativeTaskTime -> 0, maxConnectionAge -> 0, maxIdleTime -> 60, maxIdleTimeExcessConnections -> 0, maxPoolSize -> 80, maxStatements -> 6000, maxStatementsPerConnection -> 0, minPoolSize -> 3, numHelperThreads -> 3, numThreadsAwaitingCheckoutDefaultUser -> 0, preferredTestQuery -> null, properties -> {user=******, password=******}, propertyCycle -> 0, testConnectionOnCheckin -> false, testConnectionOnCheckout -> false, unreturnedConnectionTimeout -> 0, usesTraditionalReflectiveProxies -> false ]] of Hibernate SessionFactory for HibernateTransactionManager
2017-06-14 21:15:58 [INFO]-Root WebApplicationContext: initialization completed in 2537 ms
2017-06-14 21:15:58 [INFO]-Parsing configuration file [struts2/struts.xml]
2017-06-14 21:15:58 [INFO]-Initializing Struts-Spring integration...
2017-06-14 21:15:58 [INFO]-Setting autowire strategy to name
2017-06-14 21:15:58 [INFO]-... initialized Struts-Spring integration successfully
2017-06-14 21:16:26 [INFO]-============用户登录 login 方法调用开始============== [class:com.jsh.action.basic.UserAction method:login line:37]
2017-06-14 21:16:27 [INFO]-===============用户登录 login 方法调用结束=============== [class:com.jsh.action.basic.UserAction method:login line:105]
2017-06-14 21:22:40 [INFO]-==================开始调用上传图片方法uploadImg()=================== [class:com.jsh.action.basic.AppAction method:uploadImg line:45]
2017-06-14 21:22:40 [INFO]-==================结束调用上传图片方法uploadImg()=================== [class:com.jsh.action.basic.AppAction method:uploadImg line:85]
2017-06-14 21:23:26 [INFO]-==================开始调用上传图片方法uploadImg()=================== [class:com.jsh.action.basic.AppAction method:uploadImg line:45]
2017-06-14 21:23:26 [INFO]-==================结束调用上传图片方法uploadImg()=================== [class:com.jsh.action.basic.AppAction method:uploadImg line:85]
2017-06-14 21:26:01 [INFO]-==================开始调用上传图片方法uploadImg()=================== [class:com.jsh.action.basic.AppAction method:uploadImg line:45]
2017-06-14 21:26:01 [INFO]-==================结束调用上传图片方法uploadImg()=================== [class:com.jsh.action.basic.AppAction method:uploadImg line:85]
2017-06-14 21:29:54 [INFO]-==================开始调用上传图片方法uploadImg()=================== [class:com.jsh.action.basic.AppAction method:uploadImg line:45]
2017-06-14 21:29:54 [INFO]-==================结束调用上传图片方法uploadImg()=================== [class:com.jsh.action.basic.AppAction method:uploadImg line:85]
2017-06-14 21:30:03 [INFO]-==================开始调用增加应用方法create()=================== [class:com.jsh.action.basic.AppAction method:create line:94]
2017-06-14 21:30:03 [INFO]-==================结束调用增加应用方法create()=================== [class:com.jsh.action.basic.AppAction method:create line:171]
2017-06-14 21:30:52 [INFO]-====================开始调用删除应用方法delete()================ [class:com.jsh.action.basic.AppAction method:delete line:180]
2017-06-14 21:30:52 [INFO]-====================结束调用删除应用方法delete()================ [class:com.jsh.action.basic.AppAction method:delete line:197]
2017-06-14 21:30:58 [INFO]-==================开始调用上传图片方法uploadImg()=================== [class:com.jsh.action.basic.AppAction method:uploadImg line:45]
2017-06-14 21:30:58 [INFO]-==================结束调用上传图片方法uploadImg()=================== [class:com.jsh.action.basic.AppAction method:uploadImg line:85]
2017-06-14 21:31:09 [INFO]-==================开始调用增加应用方法create()=================== [class:com.jsh.action.basic.AppAction method:create line:94]
2017-06-14 21:31:09 [INFO]-==================结束调用增加应用方法create()=================== [class:com.jsh.action.basic.AppAction method:create line:171]
2017-06-14 21:32:03 [INFO]-============用户登录 login 方法调用开始============== [class:com.jsh.action.basic.UserAction method:login line:37]
2017-06-14 21:32:03 [INFO]-===============用户登录 login 方法调用结束=============== [class:com.jsh.action.basic.UserAction method:login line:105]
2017-06-14 21:44:35 [INFO]-==================开始调用上传图片方法uploadImg()=================== [class:com.jsh.action.basic.AppAction method:uploadImg line:45]
2017-06-14 21:44:35 [INFO]-==================结束调用上传图片方法uploadImg()=================== [class:com.jsh.action.basic.AppAction method:uploadImg line:85]
2017-06-14 21:52:08 [INFO]-====================开始调用删除应用方法delete()================ [class:com.jsh.action.basic.AppAction method:delete line:180]
2017-06-14 21:52:08 [INFO]-====================结束调用删除应用方法delete()================ [class:com.jsh.action.basic.AppAction method:delete line:197]
2017-06-14 21:52:36 [INFO]-==================开始调用增加应用方法create()=================== [class:com.jsh.action.basic.AppAction method:create line:94]
2017-06-14 21:52:36 [INFO]-==================结束调用增加应用方法create()=================== [class:com.jsh.action.basic.AppAction method:create line:171]
2017-06-14 21:53:02 [INFO]-====================开始调用删除应用方法delete()================ [class:com.jsh.action.basic.AppAction method:delete line:180]
2017-06-14 21:53:02 [INFO]-====================结束调用删除应用方法delete()================ [class:com.jsh.action.basic.AppAction method:delete line:197]
2017-06-14 21:53:39 [INFO]-==================开始调用增加应用方法create()=================== [class:com.jsh.action.basic.AppAction method:create line:94]
2017-06-14 21:53:39 [INFO]-==================结束调用增加应用方法create()=================== [class:com.jsh.action.basic.AppAction method:create line:171]
2017-06-14 21:54:06 [INFO]-====================开始调用删除应用方法delete()================ [class:com.jsh.action.basic.AppAction method:delete line:180]
2017-06-14 21:54:06 [INFO]-====================结束调用删除应用方法delete()================ [class:com.jsh.action.basic.AppAction method:delete line:197]
2017-06-14 21:54:41 [INFO]-==================开始调用上传图片方法uploadImg()=================== [class:com.jsh.action.basic.AppAction method:uploadImg line:45]
2017-06-14 21:54:41 [INFO]-==================结束调用上传图片方法uploadImg()=================== [class:com.jsh.action.basic.AppAction method:uploadImg line:85]
2017-06-14 21:56:44 [INFO]-==================开始调用增加应用方法create()=================== [class:com.jsh.action.basic.AppAction method:create line:94]
2017-06-14 21:56:45 [INFO]-==================结束调用增加应用方法create()=================== [class:com.jsh.action.basic.AppAction method:create line:171]
2017-06-14 21:57:09 [INFO]-====================开始调用删除应用方法delete()================ [class:com.jsh.action.basic.AppAction method:delete line:180]
2017-06-14 21:57:09 [INFO]-====================结束调用删除应用方法delete()================ [class:com.jsh.action.basic.AppAction method:delete line:197]
2017-06-14 21:58:32 [INFO]-==================开始调用增加应用方法create()=================== [class:com.jsh.action.basic.AppAction method:create line:94]
2017-06-14 21:58:32 [INFO]-==================结束调用增加应用方法create()=================== [class:com.jsh.action.basic.AppAction method:create line:171]
2017-06-14 21:58:36 [INFO]-====================开始调用删除应用方法delete()================ [class:com.jsh.action.basic.AppAction method:delete line:180]
2017-06-14 21:58:36 [INFO]-====================结束调用删除应用方法delete()================ [class:com.jsh.action.basic.AppAction method:delete line:197]
2017-06-14 21:58:54 [INFO]-==================开始调用增加应用方法create()=================== [class:com.jsh.action.basic.AppAction method:create line:94]
2017-06-14 21:58:54 [INFO]-==================结束调用增加应用方法create()=================== [class:com.jsh.action.basic.AppAction method:create line:171]
2017-06-14 21:58:59 [INFO]-====================开始调用删除应用方法delete()================ [class:com.jsh.action.basic.AppAction method:delete line:180]
2017-06-14 21:58:59 [INFO]-====================结束调用删除应用方法delete()================ [class:com.jsh.action.basic.AppAction method:delete line:197]
2017-06-14 22:00:16 [INFO]-==================开始调用增加应用方法create()=================== [class:com.jsh.action.basic.AppAction method:create line:94]
2017-06-14 22:00:16 [INFO]-==================结束调用增加应用方法create()=================== [class:com.jsh.action.basic.AppAction method:create line:171]
2017-06-14 22:00:19 [INFO]-====================开始调用删除应用方法delete()================ [class:com.jsh.action.basic.AppAction method:delete line:180]
2017-06-14 22:00:19 [INFO]-====================结束调用删除应用方法delete()================ [class:com.jsh.action.basic.AppAction method:delete line:197]
2017-06-14 22:00:27 [INFO]-==================开始调用增加应用方法create()=================== [class:com.jsh.action.basic.AppAction method:create line:94]
2017-06-14 22:00:27 [INFO]-==================结束调用增加应用方法create()=================== [class:com.jsh.action.basic.AppAction method:create line:171]
2017-06-14 22:01:33 [INFO]-====================开始调用删除应用方法delete()================ [class:com.jsh.action.basic.AppAction method:delete line:180]
2017-06-14 22:01:33 [INFO]-====================结束调用删除应用方法delete()================ [class:com.jsh.action.basic.AppAction method:delete line:197]
2017-06-14 22:03:05 [INFO]-==================开始调用增加应用方法create()=================== [class:com.jsh.action.basic.AppAction method:create line:94]
2017-06-14 22:03:05 [INFO]-==================结束调用增加应用方法create()=================== [class:com.jsh.action.basic.AppAction method:create line:171]
2017-06-14 22:03:13 [INFO]-====================开始调用删除应用方法delete()================ [class:com.jsh.action.basic.AppAction method:delete line:180]
2017-06-14 22:03:13 [INFO]-====================结束调用删除应用方法delete()================ [class:com.jsh.action.basic.AppAction method:delete line:197]
2017-06-14 22:07:07 [INFO]-==================开始调用增加应用方法create()=================== [class:com.jsh.action.basic.AppAction method:create line:94]
2017-06-14 22:07:07 [INFO]-==================结束调用增加应用方法create()=================== [class:com.jsh.action.basic.AppAction method:create line:171]
2017-06-14 22:07:13 [INFO]-====================开始调用删除应用方法delete()================ [class:com.jsh.action.basic.AppAction method:delete line:180]
2017-06-14 22:07:13 [INFO]-====================结束调用删除应用方法delete()================ [class:com.jsh.action.basic.AppAction method:delete line:197]
2017-06-14 22:08:22 [INFO]-==================开始调用增加应用方法create()=================== [class:com.jsh.action.basic.AppAction method:create line:94]
2017-06-14 22:08:22 [INFO]-==================结束调用增加应用方法create()=================== [class:com.jsh.action.basic.AppAction method:create line:171]
2017-06-14 22:09:54 [INFO]-====================开始调用删除应用方法delete()================ [class:com.jsh.action.basic.AppAction method:delete line:180]
2017-06-14 22:09:54 [INFO]-====================结束调用删除应用方法delete()================ [class:com.jsh.action.basic.AppAction method:delete line:197]
2017-06-14 22:10:02 [INFO]-==================开始调用增加应用方法create()=================== [class:com.jsh.action.basic.AppAction method:create line:94]
2017-06-14 22:10:02 [INFO]-==================结束调用增加应用方法create()=================== [class:com.jsh.action.basic.AppAction method:create line:171]
2017-06-14 22:10:28 [INFO]-====================开始调用删除应用方法delete()================ [class:com.jsh.action.basic.AppAction method:delete line:180]
2017-06-14 22:10:28 [INFO]-====================结束调用删除应用方法delete()================ [class:com.jsh.action.basic.AppAction method:delete line:197]
2017-06-14 22:10:34 [INFO]-==================开始调用增加应用方法create()=================== [class:com.jsh.action.basic.AppAction method:create line:94]
2017-06-14 22:10:34 [INFO]-==================结束调用增加应用方法create()=================== [class:com.jsh.action.basic.AppAction method:create line:171]
2017-06-14 22:11:31 [INFO]-====================开始调用删除应用方法delete()================ [class:com.jsh.action.basic.AppAction method:delete line:180]
2017-06-14 22:11:31 [INFO]-====================结束调用删除应用方法delete()================ [class:com.jsh.action.basic.AppAction method:delete line:197]
2017-06-14 22:12:50 [INFO]-==================开始调用上传图片方法uploadImg()=================== [class:com.jsh.action.basic.AppAction method:uploadImg line:45]
2017-06-14 22:12:50 [INFO]-==================结束调用上传图片方法uploadImg()=================== [class:com.jsh.action.basic.AppAction method:uploadImg line:85]
2017-06-14 22:13:04 [INFO]-==================开始调用增加应用方法create()=================== [class:com.jsh.action.basic.AppAction method:create line:94]
2017-06-14 22:13:04 [INFO]-==================结束调用增加应用方法create()=================== [class:com.jsh.action.basic.AppAction method:create line:171]
2017-06-14 22:13:16 [INFO]-====================开始调用删除应用方法delete()================ [class:com.jsh.action.basic.AppAction method:delete line:180]
2017-06-14 22:13:16 [INFO]-====================结束调用删除应用方法delete()================ [class:com.jsh.action.basic.AppAction method:delete line:197]
2017-06-14 22:13:36 [INFO]-==================开始调用上传图片方法uploadImg()=================== [class:com.jsh.action.basic.AppAction method:uploadImg line:45]
2017-06-14 22:13:36 [INFO]-==================结束调用上传图片方法uploadImg()=================== [class:com.jsh.action.basic.AppAction method:uploadImg line:85]
2017-06-14 22:13:49 [INFO]-==================开始调用增加应用方法create()=================== [class:com.jsh.action.basic.AppAction method:create line:94]
2017-06-14 22:13:49 [INFO]-==================结束调用增加应用方法create()=================== [class:com.jsh.action.basic.AppAction method:create line:171]
2017-06-14 22:13:52 [INFO]-====================开始调用删除应用方法delete()================ [class:com.jsh.action.basic.AppAction method:delete line:180]
2017-06-14 22:13:52 [INFO]-====================结束调用删除应用方法delete()================ [class:com.jsh.action.basic.AppAction method:delete line:197]
2017-06-14 22:17:12 [INFO]-Detected container provider Struts XML configuration provider (struts2/struts.xml) needs to be reloaded.  Reloading all providers.
2017-06-14 22:17:12 [INFO]-Parsing configuration file [struts2/struts.xml]
2017-06-14 22:17:12 [INFO]-Initializing Struts-Spring integration...
2017-06-14 22:17:12 [INFO]-Setting autowire strategy to name
2017-06-14 22:17:12 [INFO]-... initialized Struts-Spring integration successfully
2017-06-14 22:17:12 [INFO]-Closing Root WebApplicationContext: startup date [Wed Jun 14 21:15:55 CST 2017]; root of context hierarchy
2017-06-14 22:17:12 [INFO]-Destroying singletons in org.springframework.beans.factory.support.DefaultListableBeanFactory@16d8b4e: defining beans [propertyConfig,dataSource,sessionFactory,transactionManager,txAdvice,serviceTemplate,userService,userAction,logService,logAction,supplierService,supplierAction,categoryService,categoryAction,depotService,depotAction,appService,appAction,roleService,roleAction,functionsService,functionsAction,userBusinessService,userBusinessAction,assetnameService,assetNameAction,assetService,assetAction,reportService,reportAction,personService,personAction,materialCategoryService,materialCategoryAction,materialService,materialAction,depotHeadService,depotHeadAction,depotItemService,depotItemAction,accountService,accountAction,inOutItemService,inOutItemAction,accountHeadService,accountHeadAction,accountItemService,accountItemAction,daoTemplate,baseDao,userDao,logDao,supplierDao,categoryDao,depotDao,assetNameDao,assetDao,reportDao,appDao,roleDao,functionsDao,userBusinessDao,personDao,materialCategoryDao,materialDao,depotHeadDao,depotItemDao,accountDao,inOutItemDao,accountHeadDao,accountItemDao]; root of factory hierarchy
2017-06-14 22:17:12 [INFO]-Closing Hibernate SessionFactory
2017-06-14 22:17:15 [INFO]-Root WebApplicationContext: initialization started
2017-06-14 22:17:15 [INFO]-Refreshing Root WebApplicationContext: startup date [Wed Jun 14 22:17:15 CST 2017]; root of context hierarchy
2017-06-14 22:17:15 [INFO]-Loading XML bean definitions from file [D:\mayun\JSH_ERP\src\main\webapp\WEB-INF\classes\spring\basic-applicationContext.xml]
2017-06-14 22:17:16 [INFO]-Loading XML bean definitions from file [D:\mayun\JSH_ERP\src\main\webapp\WEB-INF\classes\spring\dao-applicationContext.xml]
2017-06-14 22:17:16 [INFO]-Loading properties file from class path resource [common/jdbc.properties]
2017-06-14 22:17:16 [INFO]-Pre-instantiating singletons in org.springframework.beans.factory.support.DefaultListableBeanFactory@1a51e8a: defining beans [propertyConfig,dataSource,sessionFactory,transactionManager,txAdvice,serviceTemplate,userService,userAction,logService,logAction,supplierService,supplierAction,categoryService,categoryAction,depotService,depotAction,appService,appAction,roleService,roleAction,functionsService,functionsAction,userBusinessService,userBusinessAction,assetnameService,assetNameAction,assetService,assetAction,reportService,reportAction,personService,personAction,materialCategoryService,materialCategoryAction,materialService,materialAction,depotHeadService,depotHeadAction,depotItemService,depotItemAction,accountService,accountAction,inOutItemService,inOutItemAction,accountHeadService,accountHeadAction,accountItemService,accountItemAction,daoTemplate,baseDao,userDao,logDao,supplierDao,categoryDao,depotDao,assetNameDao,assetDao,reportDao,appDao,roleDao,functionsDao,userBusinessDao,personDao,materialCategoryDao,materialDao,depotHeadDao,depotItemDao,accountDao,inOutItemDao,accountHeadDao,accountItemDao]; root of factory hierarchy
2017-06-14 22:17:16 [INFO]-MLog clients using log4j logging.
2017-06-14 22:17:16 [INFO]-Initializing c3p0-0.9.1.2 [built 21-May-2007 15:04:56; debug? true; trace: 10]
2017-06-14 22:17:17 [INFO]-Building new Hibernate SessionFactory
2017-06-14 22:17:17 [INFO]-Initializing c3p0 pool... com.mchange.v2.c3p0.ComboPooledDataSource [ acquireIncrement -> 10, acquireRetryAttempts -> 30, acquireRetryDelay -> 1000, autoCommitOnClose -> false, automaticTestTable -> null, breakAfterAcquireFailure -> false, checkoutTimeout -> 0, connectionCustomizerClassName -> null, connectionTesterClassName -> com.mchange.v2.c3p0.impl.DefaultConnectionTester, dataSourceName -> 1hgekrn9o1abrt2e1cheafs|c28010, debugUnreturnedConnectionStackTraces -> false, description -> null, driverClass -> com.mysql.jdbc.Driver, factoryClassLocation -> null, forceIgnoreUnresolvedTransactions -> false, identityToken -> 1hgekrn9o1abrt2e1cheafs|c28010, idleConnectionTestPeriod -> 60, initialPoolSize -> 10, jdbcUrl -> jdbc:mysql://localhost:3306/jsh_erp?useUnicode=true&amp;characterEncoding=UTF-8, maxAdministrativeTaskTime -> 0, maxConnectionAge -> 0, maxIdleTime -> 60, maxIdleTimeExcessConnections -> 0, maxPoolSize -> 80, maxStatements -> 6000, maxStatementsPerConnection -> 0, minPoolSize -> 3, numHelperThreads -> 3, numThreadsAwaitingCheckoutDefaultUser -> 0, preferredTestQuery -> null, properties -> {user=******, password=******}, propertyCycle -> 0, testConnectionOnCheckin -> false, testConnectionOnCheckout -> false, unreturnedConnectionTimeout -> 0, usesTraditionalReflectiveProxies -> false ]
2017-06-14 22:17:18 [INFO]-Using DataSource [com.mchange.v2.c3p0.ComboPooledDataSource [ acquireIncrement -> 10, acquireRetryAttempts -> 30, acquireRetryDelay -> 1000, autoCommitOnClose -> false, automaticTestTable -> null, breakAfterAcquireFailure -> false, checkoutTimeout -> 0, connectionCustomizerClassName -> null, connectionTesterClassName -> com.mchange.v2.c3p0.impl.DefaultConnectionTester, dataSourceName -> 1hgekrn9o1abrt2e1cheafs|c28010, debugUnreturnedConnectionStackTraces -> false, description -> null, driverClass -> com.mysql.jdbc.Driver, factoryClassLocation -> null, forceIgnoreUnresolvedTransactions -> false, identityToken -> 1hgekrn9o1abrt2e1cheafs|c28010, idleConnectionTestPeriod -> 60, initialPoolSize -> 10, jdbcUrl -> jdbc:mysql://localhost:3306/jsh_erp?useUnicode=true&amp;characterEncoding=UTF-8, maxAdministrativeTaskTime -> 0, maxConnectionAge -> 0, maxIdleTime -> 60, maxIdleTimeExcessConnections -> 0, maxPoolSize -> 80, maxStatements -> 6000, maxStatementsPerConnection -> 0, minPoolSize -> 3, numHelperThreads -> 3, numThreadsAwaitingCheckoutDefaultUser -> 0, preferredTestQuery -> null, properties -> {user=******, password=******}, propertyCycle -> 0, testConnectionOnCheckin -> false, testConnectionOnCheckout -> false, unreturnedConnectionTimeout -> 0, usesTraditionalReflectiveProxies -> false ]] of Hibernate SessionFactory for HibernateTransactionManager
2017-06-14 22:17:18 [INFO]-Root WebApplicationContext: initialization completed in 3129 ms
2017-06-14 22:17:18 [INFO]-Parsing configuration file [struts2/struts.xml]
2017-06-14 22:17:18 [INFO]-Initializing Struts-Spring integration...
2017-06-14 22:17:18 [INFO]-Setting autowire strategy to name
2017-06-14 22:17:18 [INFO]-... initialized Struts-Spring integration successfully
2017-06-14 22:17:59 [INFO]-==================开始调用上传图片方法uploadImg()=================== [class:com.jsh.action.basic.AppAction method:uploadImg line:45]
2017-06-14 22:17:59 [INFO]-==================结束调用上传图片方法uploadImg()=================== [class:com.jsh.action.basic.AppAction method:uploadImg line:71]
2017-06-14 22:18:05 [INFO]-==================开始调用增加应用方法create()=================== [class:com.jsh.action.basic.AppAction method:create line:80]
2017-06-14 22:18:05 [INFO]-==================结束调用增加应用方法create()=================== [class:com.jsh.action.basic.AppAction method:create line:129]
2017-06-14 22:19:04 [INFO]-==================开始调用上传图片方法uploadImg()=================== [class:com.jsh.action.basic.AppAction method:uploadImg line:45]
2017-06-14 22:19:04 [INFO]-==================结束调用上传图片方法uploadImg()=================== [class:com.jsh.action.basic.AppAction method:uploadImg line:71]
2017-06-14 22:19:11 [INFO]-==================开始调用增加应用方法create()=================== [class:com.jsh.action.basic.AppAction method:create line:80]
2017-06-14 22:19:11 [INFO]-==================结束调用增加应用方法create()=================== [class:com.jsh.action.basic.AppAction method:create line:129]
2017-06-14 22:19:28 [INFO]-====================开始调用删除应用方法delete()================ [class:com.jsh.action.basic.AppAction method:delete line:138]
2017-06-14 22:19:28 [INFO]-====================结束调用删除应用方法delete()================ [class:com.jsh.action.basic.AppAction method:delete line:155]
2017-06-14 22:19:34 [INFO]-====================开始调用删除应用方法delete()================ [class:com.jsh.action.basic.AppAction method:delete line:138]
2017-06-14 22:19:34 [INFO]-====================结束调用删除应用方法delete()================ [class:com.jsh.action.basic.AppAction method:delete line:155]
2017-06-14 22:37:02 [INFO]-==================开始调用上传图片方法uploadImg()=================== [class:com.jsh.action.basic.AppAction method:uploadImg line:45]
2017-06-14 22:37:02 [INFO]-==================结束调用上传图片方法uploadImg()=================== [class:com.jsh.action.basic.AppAction method:uploadImg line:71]
2017-06-14 22:41:39 [INFO]-==================开始调用上传图片方法uploadImg()=================== [class:com.jsh.action.basic.AppAction method:uploadImg line:45]
2017-06-14 22:41:39 [INFO]-==================结束调用上传图片方法uploadImg()=================== [class:com.jsh.action.basic.AppAction method:uploadImg line:71]
2017-06-14 22:42:43 [INFO]-==================开始调用上传图片方法uploadImg()=================== [class:com.jsh.action.basic.AppAction method:uploadImg line:45]
2017-06-14 22:42:43 [INFO]-==================结束调用上传图片方法uploadImg()=================== [class:com.jsh.action.basic.AppAction method:uploadImg line:71]
2017-06-14 22:44:03 [INFO]-==================开始调用上传图片方法uploadImg()=================== [class:com.jsh.action.basic.AppAction method:uploadImg line:45]
2017-06-14 22:44:03 [INFO]-==================结束调用上传图片方法uploadImg()=================== [class:com.jsh.action.basic.AppAction method:uploadImg line:71]
2017-06-14 22:45:11 [INFO]-==================开始调用上传图片方法uploadImg()=================== [class:com.jsh.action.basic.AppAction method:uploadImg line:45]
2017-06-14 22:45:11 [INFO]-==================结束调用上传图片方法uploadImg()=================== [class:com.jsh.action.basic.AppAction method:uploadImg line:71]
2017-06-14 22:49:08 [INFO]-==================开始调用上传图片方法uploadImg()=================== [class:com.jsh.action.basic.AppAction method:uploadImg line:45]
2017-06-14 22:49:08 [INFO]-==================结束调用上传图片方法uploadImg()=================== [class:com.jsh.action.basic.AppAction method:uploadImg line:71]
2017-06-14 22:50:49 [INFO]-==================开始调用上传图片方法uploadImg()=================== [class:com.jsh.action.basic.AppAction method:uploadImg line:45]
2017-06-14 22:50:49 [INFO]-==================结束调用上传图片方法uploadImg()=================== [class:com.jsh.action.basic.AppAction method:uploadImg line:71]
2017-06-14 22:52:03 [INFO]-==================开始调用上传图片方法uploadImg()=================== [class:com.jsh.action.basic.AppAction method:uploadImg line:45]
2017-06-14 22:52:03 [INFO]-==================结束调用上传图片方法uploadImg()=================== [class:com.jsh.action.basic.AppAction method:uploadImg line:71]
2017-06-14 22:52:27 [INFO]-==================开始调用增加应用方法create()=================== [class:com.jsh.action.basic.AppAction method:create line:80]
2017-06-14 22:52:27 [INFO]-==================结束调用增加应用方法create()=================== [class:com.jsh.action.basic.AppAction method:create line:129]
2017-06-14 22:52:32 [INFO]-====================开始调用删除应用方法delete()================ [class:com.jsh.action.basic.AppAction method:delete line:138]
2017-06-14 22:52:32 [INFO]-====================结束调用删除应用方法delete()================ [class:com.jsh.action.basic.AppAction method:delete line:155]
2017-06-14 22:53:50 [INFO]-==================开始调用上传图片方法uploadImg()=================== [class:com.jsh.action.basic.AppAction method:uploadImg line:45]
2017-06-14 22:53:50 [INFO]-==================结束调用上传图片方法uploadImg()=================== [class:com.jsh.action.basic.AppAction method:uploadImg line:71]
2017-06-14 22:54:05 [INFO]-==================开始调用增加应用方法create()=================== [class:com.jsh.action.basic.AppAction method:create line:80]
2017-06-14 22:54:05 [INFO]-==================结束调用增加应用方法create()=================== [class:com.jsh.action.basic.AppAction method:create line:129]
2017-06-14 22:54:13 [INFO]-====================开始调用删除应用方法delete()================ [class:com.jsh.action.basic.AppAction method:delete line:138]
2017-06-14 22:54:14 [INFO]-====================结束调用删除应用方法delete()================ [class:com.jsh.action.basic.AppAction method:delete line:155]
2017-06-14 22:58:14 [INFO]-==================开始调用上传图片方法uploadImg()=================== [class:com.jsh.action.basic.AppAction method:uploadImg line:45]
2017-06-14 22:58:14 [INFO]-==================结束调用上传图片方法uploadImg()=================== [class:com.jsh.action.basic.AppAction method:uploadImg line:71]
2017-06-14 22:58:19 [INFO]-==================开始调用增加应用方法create()=================== [class:com.jsh.action.basic.AppAction method:create line:80]
2017-06-14 22:58:19 [INFO]-==================结束调用增加应用方法create()=================== [class:com.jsh.action.basic.AppAction method:create line:129]
2017-06-14 22:58:28 [INFO]-==================开始调用上传图片方法uploadImg()=================== [class:com.jsh.action.basic.AppAction method:uploadImg line:45]
2017-06-14 22:58:28 [INFO]-==================结束调用上传图片方法uploadImg()=================== [class:com.jsh.action.basic.AppAction method:uploadImg line:71]
2017-06-14 22:58:41 [INFO]-==================开始调用上传图片方法uploadImg()=================== [class:com.jsh.action.basic.AppAction method:uploadImg line:45]
2017-06-14 22:58:41 [INFO]-==================结束调用上传图片方法uploadImg()=================== [class:com.jsh.action.basic.AppAction method:uploadImg line:71]
2017-06-14 22:58:50 [INFO]-====================开始调用删除应用方法delete()================ [class:com.jsh.action.basic.AppAction method:delete line:138]
2017-06-14 22:58:50 [INFO]-====================结束调用删除应用方法delete()================ [class:com.jsh.action.basic.AppAction method:delete line:155]
2017-06-14 23:00:31 [INFO]-==================开始调用上传图片方法uploadImg()=================== [class:com.jsh.action.basic.AppAction method:uploadImg line:45]
2017-06-14 23:00:31 [INFO]-==================结束调用上传图片方法uploadImg()=================== [class:com.jsh.action.basic.AppAction method:uploadImg line:71]
2017-06-14 23:00:47 [INFO]-==================开始调用增加应用方法create()=================== [class:com.jsh.action.basic.AppAction method:create line:80]
2017-06-14 23:00:48 [INFO]-==================结束调用增加应用方法create()=================== [class:com.jsh.action.basic.AppAction method:create line:129]
2017-06-14 23:00:55 [INFO]-====================开始调用删除应用方法delete()================ [class:com.jsh.action.basic.AppAction method:delete line:138]
2017-06-14 23:00:55 [INFO]-====================结束调用删除应用方法delete()================ [class:com.jsh.action.basic.AppAction method:delete line:155]
2017-06-14 23:00:59 [INFO]-==================开始调用上传图片方法uploadImg()=================== [class:com.jsh.action.basic.AppAction method:uploadImg line:45]
2017-06-14 23:00:59 [INFO]-==================结束调用上传图片方法uploadImg()=================== [class:com.jsh.action.basic.AppAction method:uploadImg line:71]
2017-06-14 23:01:02 [INFO]-==================开始调用增加应用方法create()=================== [class:com.jsh.action.basic.AppAction method:create line:80]
2017-06-14 23:01:02 [INFO]-==================结束调用增加应用方法create()=================== [class:com.jsh.action.basic.AppAction method:create line:129]
2017-06-14 23:01:08 [INFO]-====================开始调用删除应用方法delete()================ [class:com.jsh.action.basic.AppAction method:delete line:138]
2017-06-14 23:01:08 [INFO]-====================结束调用删除应用方法delete()================ [class:com.jsh.action.basic.AppAction method:delete line:155]
2017-06-14 23:05:12 [INFO]-==================开始调用上传图片方法uploadImg()=================== [class:com.jsh.action.basic.AppAction method:uploadImg line:45]
2017-06-14 23:05:12 [INFO]-==================结束调用上传图片方法uploadImg()=================== [class:com.jsh.action.basic.AppAction method:uploadImg line:71]
2017-06-14 23:34:17 [INFO]-Root WebApplicationContext: initialization started
2017-06-14 23:34:17 [INFO]-Refreshing Root WebApplicationContext: startup date [Wed Jun 14 23:34:17 CST 2017]; root of context hierarchy
2017-06-14 23:34:17 [INFO]-Loading XML bean definitions from file [D:\mayun\JSH_ERP\src\main\webapp\WEB-INF\classes\spring\basic-applicationContext.xml]
2017-06-14 23:34:18 [INFO]-Loading XML bean definitions from file [D:\mayun\JSH_ERP\src\main\webapp\WEB-INF\classes\spring\dao-applicationContext.xml]
2017-06-14 23:34:18 [INFO]-Loading properties file from class path resource [common/jdbc.properties]
2017-06-14 23:34:18 [INFO]-Pre-instantiating singletons in org.springframework.beans.factory.support.DefaultListableBeanFactory@4948a0: defining beans [propertyConfig,dataSource,sessionFactory,transactionManager,txAdvice,serviceTemplate,userService,userAction,logService,logAction,supplierService,supplierAction,categoryService,categoryAction,depotService,depotAction,appService,appAction,roleService,roleAction,functionsService,functionsAction,userBusinessService,userBusinessAction,assetnameService,assetNameAction,assetService,assetAction,reportService,reportAction,personService,personAction,materialCategoryService,materialCategoryAction,materialService,materialAction,depotHeadService,depotHeadAction,depotItemService,depotItemAction,accountService,accountAction,inOutItemService,inOutItemAction,accountHeadService,accountHeadAction,accountItemService,accountItemAction,daoTemplate,baseDao,userDao,logDao,supplierDao,categoryDao,depotDao,assetNameDao,assetDao,reportDao,appDao,roleDao,functionsDao,userBusinessDao,personDao,materialCategoryDao,materialDao,depotHeadDao,depotItemDao,accountDao,inOutItemDao,accountHeadDao,accountItemDao]; root of factory hierarchy
2017-06-14 23:34:19 [INFO]-MLog clients using log4j logging.
2017-06-14 23:34:19 [INFO]-Initializing c3p0-0.9.1.2 [built 21-May-2007 15:04:56; debug? true; trace: 10]
2017-06-14 23:34:21 [INFO]-Building new Hibernate SessionFactory
2017-06-14 23:34:21 [INFO]-Initializing c3p0 pool... com.mchange.v2.c3p0.ComboPooledDataSource [ acquireIncrement -> 10, acquireRetryAttempts -> 30, acquireRetryDelay -> 1000, autoCommitOnClose -> false, automaticTestTable -> null, breakAfterAcquireFailure -> false, checkoutTimeout -> 0, connectionCustomizerClassName -> null, connectionTesterClassName -> com.mchange.v2.c3p0.impl.DefaultConnectionTester, dataSourceName -> 1hgekrn9o1aeiw5u1ktc1vj|799f44, debugUnreturnedConnectionStackTraces -> false, description -> null, driverClass -> com.mysql.jdbc.Driver, factoryClassLocation -> null, forceIgnoreUnresolvedTransactions -> false, identityToken -> 1hgekrn9o1aeiw5u1ktc1vj|799f44, idleConnectionTestPeriod -> 60, initialPoolSize -> 10, jdbcUrl -> jdbc:mysql://localhost:3306/jsh_erp?useUnicode=true&amp;characterEncoding=UTF-8, maxAdministrativeTaskTime -> 0, maxConnectionAge -> 0, maxIdleTime -> 60, maxIdleTimeExcessConnections -> 0, maxPoolSize -> 80, maxStatements -> 6000, maxStatementsPerConnection -> 0, minPoolSize -> 3, numHelperThreads -> 3, numThreadsAwaitingCheckoutDefaultUser -> 0, preferredTestQuery -> null, properties -> {user=******, password=******}, propertyCycle -> 0, testConnectionOnCheckin -> false, testConnectionOnCheckout -> false, unreturnedConnectionTimeout -> 0, usesTraditionalReflectiveProxies -> false ]
2017-06-14 23:34:23 [INFO]-Using DataSource [com.mchange.v2.c3p0.ComboPooledDataSource [ acquireIncrement -> 10, acquireRetryAttempts -> 30, acquireRetryDelay -> 1000, autoCommitOnClose -> false, automaticTestTable -> null, breakAfterAcquireFailure -> false, checkoutTimeout -> 0, connectionCustomizerClassName -> null, connectionTesterClassName -> com.mchange.v2.c3p0.impl.DefaultConnectionTester, dataSourceName -> 1hgekrn9o1aeiw5u1ktc1vj|799f44, debugUnreturnedConnectionStackTraces -> false, description -> null, driverClass -> com.mysql.jdbc.Driver, factoryClassLocation -> null, forceIgnoreUnresolvedTransactions -> false, identityToken -> 1hgekrn9o1aeiw5u1ktc1vj|799f44, idleConnectionTestPeriod -> 60, initialPoolSize -> 10, jdbcUrl -> jdbc:mysql://localhost:3306/jsh_erp?useUnicode=true&amp;characterEncoding=UTF-8, maxAdministrativeTaskTime -> 0, maxConnectionAge -> 0, maxIdleTime -> 60, maxIdleTimeExcessConnections -> 0, maxPoolSize -> 80, maxStatements -> 6000, maxStatementsPerConnection -> 0, minPoolSize -> 3, numHelperThreads -> 3, numThreadsAwaitingCheckoutDefaultUser -> 0, preferredTestQuery -> null, properties -> {user=******, password=******}, propertyCycle -> 0, testConnectionOnCheckin -> false, testConnectionOnCheckout -> false, unreturnedConnectionTimeout -> 0, usesTraditionalReflectiveProxies -> false ]] of Hibernate SessionFactory for HibernateTransactionManager
2017-06-14 23:34:23 [INFO]-Root WebApplicationContext: initialization completed in 6720 ms
2017-06-14 23:34:24 [INFO]-Parsing configuration file [struts2/struts.xml]
2017-06-14 23:34:24 [INFO]-Initializing Struts-Spring integration...
2017-06-14 23:34:24 [INFO]-Setting autowire strategy to name
2017-06-14 23:34:24 [INFO]-... initialized Struts-Spring integration successfully
2017-06-14 23:35:45 [INFO]-============用户登录 login 方法调用开始============== [class:com.jsh.action.basic.UserAction method:login line:37]
2017-06-14 23:35:45 [INFO]-===============用户登录 login 方法调用结束=============== [class:com.jsh.action.basic.UserAction method:login line:105]
2017-06-15 23:06:31 [INFO]-Root WebApplicationContext: initialization started
2017-06-15 23:06:31 [INFO]-Refreshing Root WebApplicationContext: startup date [Thu Jun 15 23:06:31 CST 2017]; root of context hierarchy
2017-06-15 23:06:31 [INFO]-Loading XML bean definitions from file [D:\mayun\JSH_ERP\src\main\webapp\WEB-INF\classes\spring\basic-applicationContext.xml]
2017-06-15 23:06:31 [INFO]-Loading XML bean definitions from file [D:\mayun\JSH_ERP\src\main\webapp\WEB-INF\classes\spring\dao-applicationContext.xml]
2017-06-15 23:06:31 [INFO]-Loading properties file from class path resource [common/jdbc.properties]
2017-06-15 23:06:31 [INFO]-Pre-instantiating singletons in org.springframework.beans.factory.support.DefaultListableBeanFactory@e61a12: defining beans [propertyConfig,dataSource,sessionFactory,transactionManager,txAdvice,serviceTemplate,userService,userAction,logService,logAction,supplierService,supplierAction,categoryService,categoryAction,depotService,depotAction,appService,appAction,roleService,roleAction,functionsService,functionsAction,userBusinessService,userBusinessAction,assetnameService,assetNameAction,assetService,assetAction,reportService,reportAction,personService,personAction,materialCategoryService,materialCategoryAction,materialService,materialAction,depotHeadService,depotHeadAction,depotItemService,depotItemAction,accountService,accountAction,inOutItemService,inOutItemAction,accountHeadService,accountHeadAction,accountItemService,accountItemAction,daoTemplate,baseDao,userDao,logDao,supplierDao,categoryDao,depotDao,assetNameDao,assetDao,reportDao,appDao,roleDao,functionsDao,userBusinessDao,personDao,materialCategoryDao,materialDao,depotHeadDao,depotItemDao,accountDao,inOutItemDao,accountHeadDao,accountItemDao]; root of factory hierarchy
2017-06-15 23:06:31 [INFO]-MLog clients using log4j logging.
2017-06-15 23:06:32 [INFO]-Initializing c3p0-0.9.1.2 [built 21-May-2007 15:04:56; debug? true; trace: 10]
2017-06-15 23:06:32 [INFO]-Building new Hibernate SessionFactory
2017-06-15 23:06:32 [INFO]-Initializing c3p0 pool... com.mchange.v2.c3p0.ComboPooledDataSource [ acquireIncrement -> 10, acquireRetryAttempts -> 30, acquireRetryDelay -> 1000, autoCommitOnClose -> false, automaticTestTable -> null, breakAfterAcquireFailure -> false, checkoutTimeout -> 0, connectionCustomizerClassName -> null, connectionTesterClassName -> com.mchange.v2.c3p0.impl.DefaultConnectionTester, dataSourceName -> 1hgekrn9o1bsz0doawmn9k|107f14b, debugUnreturnedConnectionStackTraces -> false, description -> null, driverClass -> com.mysql.jdbc.Driver, factoryClassLocation -> null, forceIgnoreUnresolvedTransactions -> false, identityToken -> 1hgekrn9o1bsz0doawmn9k|107f14b, idleConnectionTestPeriod -> 60, initialPoolSize -> 10, jdbcUrl -> jdbc:mysql://localhost:3306/jsh_erp?useUnicode=true&amp;characterEncoding=UTF-8, maxAdministrativeTaskTime -> 0, maxConnectionAge -> 0, maxIdleTime -> 60, maxIdleTimeExcessConnections -> 0, maxPoolSize -> 80, maxStatements -> 6000, maxStatementsPerConnection -> 0, minPoolSize -> 3, numHelperThreads -> 3, numThreadsAwaitingCheckoutDefaultUser -> 0, preferredTestQuery -> null, properties -> {user=******, password=******}, propertyCycle -> 0, testConnectionOnCheckin -> false, testConnectionOnCheckout -> false, unreturnedConnectionTimeout -> 0, usesTraditionalReflectiveProxies -> false ]
2017-06-15 23:06:33 [INFO]-Using DataSource [com.mchange.v2.c3p0.ComboPooledDataSource [ acquireIncrement -> 10, acquireRetryAttempts -> 30, acquireRetryDelay -> 1000, autoCommitOnClose -> false, automaticTestTable -> null, breakAfterAcquireFailure -> false, checkoutTimeout -> 0, connectionCustomizerClassName -> null, connectionTesterClassName -> com.mchange.v2.c3p0.impl.DefaultConnectionTester, dataSourceName -> 1hgekrn9o1bsz0doawmn9k|107f14b, debugUnreturnedConnectionStackTraces -> false, description -> null, driverClass -> com.mysql.jdbc.Driver, factoryClassLocation -> null, forceIgnoreUnresolvedTransactions -> false, identityToken -> 1hgekrn9o1bsz0doawmn9k|107f14b, idleConnectionTestPeriod -> 60, initialPoolSize -> 10, jdbcUrl -> jdbc:mysql://localhost:3306/jsh_erp?useUnicode=true&amp;characterEncoding=UTF-8, maxAdministrativeTaskTime -> 0, maxConnectionAge -> 0, maxIdleTime -> 60, maxIdleTimeExcessConnections -> 0, maxPoolSize -> 80, maxStatements -> 6000, maxStatementsPerConnection -> 0, minPoolSize -> 3, numHelperThreads -> 3, numThreadsAwaitingCheckoutDefaultUser -> 0, preferredTestQuery -> null, properties -> {user=******, password=******}, propertyCycle -> 0, testConnectionOnCheckin -> false, testConnectionOnCheckout -> false, unreturnedConnectionTimeout -> 0, usesTraditionalReflectiveProxies -> false ]] of Hibernate SessionFactory for HibernateTransactionManager
2017-06-15 23:06:33 [INFO]-Root WebApplicationContext: initialization completed in 2581 ms
2017-06-15 23:06:34 [INFO]-Parsing configuration file [struts2/struts.xml]
2017-06-15 23:06:34 [INFO]-Initializing Struts-Spring integration...
2017-06-15 23:06:34 [INFO]-Setting autowire strategy to name
2017-06-15 23:06:34 [INFO]-... initialized Struts-Spring integration successfully
2017-06-15 23:07:18 [INFO]-============用户登录 login 方法调用开始============== [class:com.jsh.action.basic.UserAction method:login line:37]
2017-06-15 23:07:19 [INFO]-===============用户登录 login 方法调用结束=============== [class:com.jsh.action.basic.UserAction method:login line:105]
2017-06-15 23:09:45 [INFO]-Root WebApplicationContext: initialization started
2017-06-15 23:09:45 [INFO]-Refreshing Root WebApplicationContext: startup date [Thu Jun 15 23:09:45 CST 2017]; root of context hierarchy
2017-06-15 23:09:46 [INFO]-Loading XML bean definitions from file [D:\mayun\JSH_ERP\src\main\webapp\WEB-INF\classes\spring\basic-applicationContext.xml]
2017-06-15 23:09:46 [INFO]-Loading XML bean definitions from file [D:\mayun\JSH_ERP\src\main\webapp\WEB-INF\classes\spring\dao-applicationContext.xml]
2017-06-15 23:09:46 [INFO]-Loading properties file from class path resource [common/jdbc.properties]
2017-06-15 23:09:46 [INFO]-Pre-instantiating singletons in org.springframework.beans.factory.support.DefaultListableBeanFactory@159857: defining beans [propertyConfig,dataSource,sessionFactory,transactionManager,txAdvice,serviceTemplate,userService,userAction,logService,logAction,supplierService,supplierAction,categoryService,categoryAction,depotService,depotAction,appService,appAction,roleService,roleAction,functionsService,functionsAction,userBusinessService,userBusinessAction,assetnameService,assetNameAction,assetService,assetAction,reportService,reportAction,personService,personAction,materialCategoryService,materialCategoryAction,materialService,materialAction,depotHeadService,depotHeadAction,depotItemService,depotItemAction,accountService,accountAction,inOutItemService,inOutItemAction,accountHeadService,accountHeadAction,accountItemService,accountItemAction,daoTemplate,baseDao,userDao,logDao,supplierDao,categoryDao,depotDao,assetNameDao,assetDao,reportDao,appDao,roleDao,functionsDao,userBusinessDao,personDao,materialCategoryDao,materialDao,depotHeadDao,depotItemDao,accountDao,inOutItemDao,accountHeadDao,accountItemDao]; root of factory hierarchy
2017-06-15 23:09:46 [INFO]-MLog clients using log4j logging.
2017-06-15 23:09:46 [INFO]-Initializing c3p0-0.9.1.2 [built 21-May-2007 15:04:56; debug? true; trace: 10]
2017-06-15 23:09:47 [INFO]-Building new Hibernate SessionFactory
2017-06-15 23:09:47 [INFO]-Initializing c3p0 pool... com.mchange.v2.c3p0.ComboPooledDataSource [ acquireIncrement -> 10, acquireRetryAttempts -> 30, acquireRetryDelay -> 1000, autoCommitOnClose -> false, automaticTestTable -> null, breakAfterAcquireFailure -> false, checkoutTimeout -> 0, connectionCustomizerClassName -> null, connectionTesterClassName -> com.mchange.v2.c3p0.impl.DefaultConnectionTester, dataSourceName -> 1hgekrn9o1bt36mb17uyt3m|976add, debugUnreturnedConnectionStackTraces -> false, description -> null, driverClass -> com.mysql.jdbc.Driver, factoryClassLocation -> null, forceIgnoreUnresolvedTransactions -> false, identityToken -> 1hgekrn9o1bt36mb17uyt3m|976add, idleConnectionTestPeriod -> 60, initialPoolSize -> 10, jdbcUrl -> jdbc:mysql://localhost:3306/jsh_erp?useUnicode=true&amp;characterEncoding=UTF-8, maxAdministrativeTaskTime -> 0, maxConnectionAge -> 0, maxIdleTime -> 60, maxIdleTimeExcessConnections -> 0, maxPoolSize -> 80, maxStatements -> 6000, maxStatementsPerConnection -> 0, minPoolSize -> 3, numHelperThreads -> 3, numThreadsAwaitingCheckoutDefaultUser -> 0, preferredTestQuery -> null, properties -> {user=******, password=******}, propertyCycle -> 0, testConnectionOnCheckin -> false, testConnectionOnCheckout -> false, unreturnedConnectionTimeout -> 0, usesTraditionalReflectiveProxies -> false ]
2017-06-15 23:09:48 [INFO]-Using DataSource [com.mchange.v2.c3p0.ComboPooledDataSource [ acquireIncrement -> 10, acquireRetryAttempts -> 30, acquireRetryDelay -> 1000, autoCommitOnClose -> false, automaticTestTable -> null, breakAfterAcquireFailure -> false, checkoutTimeout -> 0, connectionCustomizerClassName -> null, connectionTesterClassName -> com.mchange.v2.c3p0.impl.DefaultConnectionTester, dataSourceName -> 1hgekrn9o1bt36mb17uyt3m|976add, debugUnreturnedConnectionStackTraces -> false, description -> null, driverClass -> com.mysql.jdbc.Driver, factoryClassLocation -> null, forceIgnoreUnresolvedTransactions -> false, identityToken -> 1hgekrn9o1bt36mb17uyt3m|976add, idleConnectionTestPeriod -> 60, initialPoolSize -> 10, jdbcUrl -> jdbc:mysql://localhost:3306/jsh_erp?useUnicode=true&amp;characterEncoding=UTF-8, maxAdministrativeTaskTime -> 0, maxConnectionAge -> 0, maxIdleTime -> 60, maxIdleTimeExcessConnections -> 0, maxPoolSize -> 80, maxStatements -> 6000, maxStatementsPerConnection -> 0, minPoolSize -> 3, numHelperThreads -> 3, numThreadsAwaitingCheckoutDefaultUser -> 0, preferredTestQuery -> null, properties -> {user=******, password=******}, propertyCycle -> 0, testConnectionOnCheckin -> false, testConnectionOnCheckout -> false, unreturnedConnectionTimeout -> 0, usesTraditionalReflectiveProxies -> false ]] of Hibernate SessionFactory for HibernateTransactionManager
2017-06-15 23:09:48 [INFO]-Root WebApplicationContext: initialization completed in 2605 ms
2017-06-15 23:09:48 [INFO]-Parsing configuration file [struts2/struts.xml]
2017-06-15 23:09:49 [INFO]-Initializing Struts-Spring integration...
2017-06-15 23:09:49 [INFO]-Setting autowire strategy to name
2017-06-15 23:09:49 [INFO]-... initialized Struts-Spring integration successfully
2017-06-16 23:07:33 [INFO]-Root WebApplicationContext: initialization started
2017-06-16 23:07:33 [INFO]-Refreshing Root WebApplicationContext: startup date [Fri Jun 16 23:07:33 CST 2017]; root of context hierarchy
2017-06-16 23:07:33 [INFO]-Loading XML bean definitions from file [D:\mayun\JSH_ERP\src\main\webapp\WEB-INF\classes\spring\basic-applicationContext.xml]
2017-06-16 23:07:34 [INFO]-Loading XML bean definitions from file [D:\mayun\JSH_ERP\src\main\webapp\WEB-INF\classes\spring\dao-applicationContext.xml]
2017-06-16 23:07:34 [INFO]-Loading properties file from class path resource [common/jdbc.properties]
2017-06-16 23:07:34 [INFO]-Pre-instantiating singletons in org.springframework.beans.factory.support.DefaultListableBeanFactory@1f8e5e4: defining beans [propertyConfig,dataSource,sessionFactory,transactionManager,txAdvice,serviceTemplate,userService,userAction,logService,logAction,supplierService,supplierAction,categoryService,categoryAction,depotService,depotAction,appService,appAction,roleService,roleAction,functionsService,functionsAction,userBusinessService,userBusinessAction,assetnameService,assetNameAction,assetService,assetAction,reportService,reportAction,personService,personAction,materialCategoryService,materialCategoryAction,materialService,materialAction,depotHeadService,depotHeadAction,depotItemService,depotItemAction,accountService,accountAction,inOutItemService,inOutItemAction,accountHeadService,accountHeadAction,accountItemService,accountItemAction,daoTemplate,baseDao,userDao,logDao,supplierDao,categoryDao,depotDao,assetNameDao,assetDao,reportDao,appDao,roleDao,functionsDao,userBusinessDao,personDao,materialCategoryDao,materialDao,depotHeadDao,depotItemDao,accountDao,inOutItemDao,accountHeadDao,accountItemDao]; root of factory hierarchy
2017-06-16 23:07:34 [INFO]-MLog clients using log4j logging.
2017-06-16 23:07:34 [INFO]-Initializing c3p0-0.9.1.2 [built 21-May-2007 15:04:56; debug? true; trace: 10]
2017-06-16 23:07:35 [INFO]-Building new Hibernate SessionFactory
2017-06-16 23:07:35 [INFO]-Initializing c3p0 pool... com.mchange.v2.c3p0.ComboPooledDataSource [ acquireIncrement -> 10, acquireRetryAttempts -> 30, acquireRetryDelay -> 1000, autoCommitOnClose -> false, automaticTestTable -> null, breakAfterAcquireFailure -> false, checkoutTimeout -> 0, connectionCustomizerClassName -> null, connectionTesterClassName -> com.mchange.v2.c3p0.impl.DefaultConnectionTester, dataSourceName -> 1hgekrn9o1d8g7evoi7dze|100616e, debugUnreturnedConnectionStackTraces -> false, description -> null, driverClass -> com.mysql.jdbc.Driver, factoryClassLocation -> null, forceIgnoreUnresolvedTransactions -> false, identityToken -> 1hgekrn9o1d8g7evoi7dze|100616e, idleConnectionTestPeriod -> 60, initialPoolSize -> 10, jdbcUrl -> jdbc:mysql://localhost:3306/jsh_erp?useUnicode=true&amp;characterEncoding=UTF-8, maxAdministrativeTaskTime -> 0, maxConnectionAge -> 0, maxIdleTime -> 60, maxIdleTimeExcessConnections -> 0, maxPoolSize -> 80, maxStatements -> 6000, maxStatementsPerConnection -> 0, minPoolSize -> 3, numHelperThreads -> 3, numThreadsAwaitingCheckoutDefaultUser -> 0, preferredTestQuery -> null, properties -> {user=******, password=******}, propertyCycle -> 0, testConnectionOnCheckin -> false, testConnectionOnCheckout -> false, unreturnedConnectionTimeout -> 0, usesTraditionalReflectiveProxies -> false ]
2017-06-16 23:07:36 [INFO]-Using DataSource [com.mchange.v2.c3p0.ComboPooledDataSource [ acquireIncrement -> 10, acquireRetryAttempts -> 30, acquireRetryDelay -> 1000, autoCommitOnClose -> false, automaticTestTable -> null, breakAfterAcquireFailure -> false, checkoutTimeout -> 0, connectionCustomizerClassName -> null, connectionTesterClassName -> com.mchange.v2.c3p0.impl.DefaultConnectionTester, dataSourceName -> 1hgekrn9o1d8g7evoi7dze|100616e, debugUnreturnedConnectionStackTraces -> false, description -> null, driverClass -> com.mysql.jdbc.Driver, factoryClassLocation -> null, forceIgnoreUnresolvedTransactions -> false, identityToken -> 1hgekrn9o1d8g7evoi7dze|100616e, idleConnectionTestPeriod -> 60, initialPoolSize -> 10, jdbcUrl -> jdbc:mysql://localhost:3306/jsh_erp?useUnicode=true&amp;characterEncoding=UTF-8, maxAdministrativeTaskTime -> 0, maxConnectionAge -> 0, maxIdleTime -> 60, maxIdleTimeExcessConnections -> 0, maxPoolSize -> 80, maxStatements -> 6000, maxStatementsPerConnection -> 0, minPoolSize -> 3, numHelperThreads -> 3, numThreadsAwaitingCheckoutDefaultUser -> 0, preferredTestQuery -> null, properties -> {user=******, password=******}, propertyCycle -> 0, testConnectionOnCheckin -> false, testConnectionOnCheckout -> false, unreturnedConnectionTimeout -> 0, usesTraditionalReflectiveProxies -> false ]] of Hibernate SessionFactory for HibernateTransactionManager
2017-06-16 23:07:37 [INFO]-Root WebApplicationContext: initialization completed in 3782 ms
2017-06-16 23:07:37 [INFO]-Parsing configuration file [struts2/struts.xml]
2017-06-16 23:07:37 [INFO]-Initializing Struts-Spring integration...
2017-06-16 23:07:37 [INFO]-Setting autowire strategy to name
2017-06-16 23:07:37 [INFO]-... initialized Struts-Spring integration successfully
2017-06-16 23:12:11 [INFO]-============用户登录 login 方法调用开始============== [class:com.jsh.action.basic.UserAction method:login line:37]
2017-06-16 23:12:11 [INFO]-===============用户登录 login 方法调用结束=============== [class:com.jsh.action.basic.UserAction method:login line:105]
2017-06-16 23:14:47 [INFO]-getS:4 [class:com.jsh.action.materials.DepotHeadAction method:allMoney line:380]
2017-06-16 23:14:47 [INFO]-getS:4 [class:com.jsh.action.materials.DepotHeadAction method:allMoney line:380]
2017-06-16 23:14:47 [INFO]-getS:4 [class:com.jsh.action.materials.DepotHeadAction method:allMoney line:380]
2017-06-16 23:14:47 [INFO]-getS:4 [class:com.jsh.action.materials.DepotHeadAction method:allMoney line:380]
2017-06-16 23:14:47 [INFO]-getS:4 [class:com.jsh.action.materials.DepotHeadAction method:allMoney line:380]
2017-06-16 23:14:47 [INFO]-getS:4 [class:com.jsh.action.materials.DepotHeadAction method:allMoney line:380]
2017-06-16 23:14:47 [INFO]-getS:4 [class:com.jsh.action.materials.DepotHeadAction method:allMoney line:380]
2017-06-16 23:14:47 [INFO]-getS:4 [class:com.jsh.action.materials.DepotHeadAction method:allMoney line:380]
2017-06-16 23:14:47 [INFO]-getS:4 [class:com.jsh.action.materials.DepotHeadAction method:allMoney line:380]
2017-06-16 23:14:47 [INFO]-getS:4 [class:com.jsh.action.materials.DepotHeadAction method:allMoney line:380]
2017-06-16 23:14:47 [INFO]-getS:4 [class:com.jsh.action.materials.DepotHeadAction method:allMoney line:380]
2017-06-16 23:14:47 [INFO]-getS:4 [class:com.jsh.action.materials.DepotHeadAction method:allMoney line:380]
2017-06-16 23:14:47 [INFO]-getS:4 [class:com.jsh.action.materials.AccountHeadAction method:allMoney line:323]
2017-06-16 23:14:47 [INFO]-getS:4 [class:com.jsh.action.materials.AccountHeadAction method:allMoney line:323]
2017-06-16 23:14:47 [INFO]-getS:4 [class:com.jsh.action.materials.AccountHeadAction method:allMoney line:323]
2017-06-16 23:14:47 [INFO]-getS:4 [class:com.jsh.action.materials.AccountHeadAction method:allMoney line:323]
2017-06-16 23:14:47 [INFO]-getS:4 [class:com.jsh.action.materials.AccountHeadAction method:allMoney line:323]
2017-06-16 23:14:47 [INFO]-getS:4 [class:com.jsh.action.materials.AccountHeadAction method:allMoney line:323]
2017-06-16 23:14:47 [INFO]-getS:4 [class:com.jsh.action.materials.AccountHeadAction method:allMoney line:323]
2017-06-16 23:14:47 [INFO]-getS:4 [class:com.jsh.action.materials.AccountHeadAction method:allMoney line:323]
2017-06-16 23:50:15 [INFO]-==================开始调用增加收支项目方法=================== [class:com.jsh.action.basic.InOutItemAction method:create line:34]
2017-06-16 23:50:15 [INFO]-==================结束调用增加收支项目方法=================== [class:com.jsh.action.basic.InOutItemAction method:create line:72]
2017-06-16 23:50:28 [INFO]-==================开始调用增加收支项目方法=================== [class:com.jsh.action.basic.InOutItemAction method:create line:34]
2017-06-16 23:50:28 [INFO]-==================结束调用增加收支项目方法=================== [class:com.jsh.action.basic.InOutItemAction method:create line:72]
2017-06-16 23:50:42 [INFO]-==================开始调用增加收支项目方法=================== [class:com.jsh.action.basic.InOutItemAction method:create line:34]
2017-06-16 23:50:42 [INFO]-==================结束调用增加收支项目方法=================== [class:com.jsh.action.basic.InOutItemAction method:create line:72]
2017-06-16 23:51:09 [INFO]-==================开始调用增加收支项目方法=================== [class:com.jsh.action.basic.InOutItemAction method:create line:34]
2017-06-16 23:51:09 [INFO]-==================结束调用增加收支项目方法=================== [class:com.jsh.action.basic.InOutItemAction method:create line:72]
2017-06-16 23:52:46 [INFO]-==================开始调用增加财务信息方法create()=================== [class:com.jsh.action.materials.AccountHeadAction method:create line:68]
2017-06-16 23:52:46 [INFO]-==================结束调用增加财务方法create()=================== [class:com.jsh.action.materials.AccountHeadAction method:create line:119]
2017-06-16 23:52:47 [INFO]-==================开始调用保存财务明细信息方法saveDetials()=================== [class:com.jsh.action.materials.AccountItemAction method:saveDetials line:37]
2017-06-16 23:52:47 [INFO]-==================结束调用保存财务明细方法saveDetials()=================== [class:com.jsh.action.materials.AccountItemAction method:saveDetials line:114]
2017-06-17 00:00:18 [INFO]-============用户登录 login 方法调用开始============== [class:com.jsh.action.basic.UserAction method:login line:37]
2017-06-17 00:00:18 [INFO]-====用户 jsh已经登录过, login 方法调用结束==== [class:com.jsh.action.basic.UserAction method:login line:57]
2017-06-17 00:00:18 [INFO]-===============用户登录 login 方法调用结束=============== [class:com.jsh.action.basic.UserAction method:login line:105]
2017-06-17 00:15:06 [INFO]-==================开始调用增加功能信息方法create()=================== [class:com.jsh.action.basic.FunctionsAction method:create line:37]
2017-06-17 00:15:06 [INFO]-==================结束调用增加功能方法create()=================== [class:com.jsh.action.basic.FunctionsAction method:create line:81]
2017-06-17 00:18:39 [INFO]-==================开始调用增加功能信息方法create()=================== [class:com.jsh.action.basic.FunctionsAction method:create line:37]
2017-06-17 00:18:39 [INFO]-==================结束调用增加功能方法create()=================== [class:com.jsh.action.basic.FunctionsAction method:create line:81]
2017-06-18 18:15:41 [INFO]-Root WebApplicationContext: initialization started
2017-06-18 18:15:41 [INFO]-Refreshing Root WebApplicationContext: startup date [Sun Jun 18 18:15:41 CST 2017]; root of context hierarchy
2017-06-18 18:15:41 [INFO]-Loading XML bean definitions from file [D:\mayun\JSH_ERP\src\main\webapp\WEB-INF\classes\spring\basic-applicationContext.xml]
2017-06-18 18:15:41 [INFO]-Loading XML bean definitions from file [D:\mayun\JSH_ERP\src\main\webapp\WEB-INF\classes\spring\dao-applicationContext.xml]
2017-06-18 18:15:41 [INFO]-Loading properties file from class path resource [common/jdbc.properties]
2017-06-18 18:15:41 [INFO]-Pre-instantiating singletons in org.springframework.beans.factory.support.DefaultListableBeanFactory@1c5eafc: defining beans [propertyConfig,dataSource,sessionFactory,transactionManager,txAdvice,serviceTemplate,userService,userAction,logService,logAction,supplierService,supplierAction,categoryService,categoryAction,depotService,depotAction,appService,appAction,roleService,roleAction,functionsService,functionsAction,userBusinessService,userBusinessAction,assetnameService,assetNameAction,assetService,assetAction,reportService,reportAction,personService,personAction,materialCategoryService,materialCategoryAction,materialService,materialAction,depotHeadService,depotHeadAction,depotItemService,depotItemAction,accountService,accountAction,inOutItemService,inOutItemAction,accountHeadService,accountHeadAction,accountItemService,accountItemAction,daoTemplate,baseDao,userDao,logDao,supplierDao,categoryDao,depotDao,assetNameDao,assetDao,reportDao,appDao,roleDao,functionsDao,userBusinessDao,personDao,materialCategoryDao,materialDao,depotHeadDao,depotItemDao,accountDao,inOutItemDao,accountHeadDao,accountItemDao]; root of factory hierarchy
2017-06-18 18:15:41 [INFO]-MLog clients using log4j logging.
2017-06-18 18:15:41 [INFO]-Initializing c3p0-0.9.1.2 [built 21-May-2007 15:04:56; debug? true; trace: 10]
2017-06-18 18:15:42 [INFO]-Building new Hibernate SessionFactory
2017-06-18 18:15:42 [INFO]-Initializing c3p0 pool... com.mchange.v2.c3p0.ComboPooledDataSource [ acquireIncrement -> 10, acquireRetryAttempts -> 30, acquireRetryDelay -> 1000, autoCommitOnClose -> false, automaticTestTable -> null, breakAfterAcquireFailure -> false, checkoutTimeout -> 0, connectionCustomizerClassName -> null, connectionTesterClassName -> com.mchange.v2.c3p0.impl.DefaultConnectionTester, dataSourceName -> 1hgekrn9o1fswjv61jaxugw|5168c6, debugUnreturnedConnectionStackTraces -> false, description -> null, driverClass -> com.mysql.jdbc.Driver, factoryClassLocation -> null, forceIgnoreUnresolvedTransactions -> false, identityToken -> 1hgekrn9o1fswjv61jaxugw|5168c6, idleConnectionTestPeriod -> 60, initialPoolSize -> 10, jdbcUrl -> jdbc:mysql://localhost:3306/jsh_erp?useUnicode=true&amp;characterEncoding=UTF-8, maxAdministrativeTaskTime -> 0, maxConnectionAge -> 0, maxIdleTime -> 60, maxIdleTimeExcessConnections -> 0, maxPoolSize -> 80, maxStatements -> 6000, maxStatementsPerConnection -> 0, minPoolSize -> 3, numHelperThreads -> 3, numThreadsAwaitingCheckoutDefaultUser -> 0, preferredTestQuery -> null, properties -> {user=******, password=******}, propertyCycle -> 0, testConnectionOnCheckin -> false, testConnectionOnCheckout -> false, unreturnedConnectionTimeout -> 0, usesTraditionalReflectiveProxies -> false ]
2017-06-18 18:15:43 [INFO]-Using DataSource [com.mchange.v2.c3p0.ComboPooledDataSource [ acquireIncrement -> 10, acquireRetryAttempts -> 30, acquireRetryDelay -> 1000, autoCommitOnClose -> false, automaticTestTable -> null, breakAfterAcquireFailure -> false, checkoutTimeout -> 0, connectionCustomizerClassName -> null, connectionTesterClassName -> com.mchange.v2.c3p0.impl.DefaultConnectionTester, dataSourceName -> 1hgekrn9o1fswjv61jaxugw|5168c6, debugUnreturnedConnectionStackTraces -> false, description -> null, driverClass -> com.mysql.jdbc.Driver, factoryClassLocation -> null, forceIgnoreUnresolvedTransactions -> false, identityToken -> 1hgekrn9o1fswjv61jaxugw|5168c6, idleConnectionTestPeriod -> 60, initialPoolSize -> 10, jdbcUrl -> jdbc:mysql://localhost:3306/jsh_erp?useUnicode=true&amp;characterEncoding=UTF-8, maxAdministrativeTaskTime -> 0, maxConnectionAge -> 0, maxIdleTime -> 60, maxIdleTimeExcessConnections -> 0, maxPoolSize -> 80, maxStatements -> 6000, maxStatementsPerConnection -> 0, minPoolSize -> 3, numHelperThreads -> 3, numThreadsAwaitingCheckoutDefaultUser -> 0, preferredTestQuery -> null, properties -> {user=******, password=******}, propertyCycle -> 0, testConnectionOnCheckin -> false, testConnectionOnCheckout -> false, unreturnedConnectionTimeout -> 0, usesTraditionalReflectiveProxies -> false ]] of Hibernate SessionFactory for HibernateTransactionManager
2017-06-18 18:15:44 [INFO]-Root WebApplicationContext: initialization completed in 2780 ms
2017-06-18 18:15:44 [INFO]-Parsing configuration file [struts2/struts.xml]
2017-06-18 18:15:44 [INFO]-Initializing Struts-Spring integration...
2017-06-18 18:15:44 [INFO]-Setting autowire strategy to name
2017-06-18 18:15:44 [INFO]-... initialized Struts-Spring integration successfully
2017-06-18 18:19:07 [INFO]-============用户登录 login 方法调用开始============== [class:com.jsh.action.basic.UserAction method:login line:37]
2017-06-18 18:19:08 [INFO]-===============用户登录 login 方法调用结束=============== [class:com.jsh.action.basic.UserAction method:login line:105]
2017-06-18 18:33:22 [INFO]-============用户登录 login 方法调用开始============== [class:com.jsh.action.basic.UserAction method:login line:37]
2017-06-18 18:33:22 [INFO]-===============用户登录 login 方法调用结束=============== [class:com.jsh.action.basic.UserAction method:login line:105]
2017-06-18 18:53:02 [INFO]-==================开始调用增加仓管通信息信息方法create()=================== [class:com.jsh.action.materials.DepotHeadAction method:create line:70]
2017-06-18 18:53:02 [INFO]-==================结束调用增加仓管通方法create()=================== [class:com.jsh.action.materials.DepotHeadAction method:create line:126]
2017-06-18 18:53:03 [INFO]-==================开始调用保存仓管通明细信息方法saveDetials()=================== [class:com.jsh.action.materials.DepotItemAction method:saveDetials line:47]
2017-06-18 18:53:03 [INFO]-==================结束调用保存仓管通明细方法saveDetials()=================== [class:com.jsh.action.materials.DepotItemAction method:saveDetials line:125]
2017-06-18 18:59:49 [INFO]-==================开始调用增加仓管通信息信息方法create()=================== [class:com.jsh.action.materials.DepotHeadAction method:create line:70]
2017-06-18 18:59:49 [INFO]-==================结束调用增加仓管通方法create()=================== [class:com.jsh.action.materials.DepotHeadAction method:create line:126]
2017-06-18 18:59:49 [INFO]-==================开始调用保存仓管通明细信息方法saveDetials()=================== [class:com.jsh.action.materials.DepotItemAction method:saveDetials line:47]
2017-06-18 18:59:50 [INFO]-==================结束调用保存仓管通明细方法saveDetials()=================== [class:com.jsh.action.materials.DepotItemAction method:saveDetials line:125]
2017-06-18 19:03:30 [INFO]-====================开始调用删除仓管通信息方法delete()================ [class:com.jsh.action.materials.DepotHeadAction method:delete line:135]
2017-06-18 19:03:30 [INFO]-====================结束调用删除仓管通信息方法delete()================ [class:com.jsh.action.materials.DepotHeadAction method:delete line:152]
2017-06-18 19:28:34 [INFO]-Detected container provider Struts XML configuration provider (struts2/struts.xml) needs to be reloaded.  Reloading all providers.
2017-06-18 19:28:34 [INFO]-Parsing configuration file [struts2/struts.xml]
2017-06-18 19:28:34 [INFO]-Initializing Struts-Spring integration...
2017-06-18 19:28:34 [INFO]-Setting autowire strategy to name
2017-06-18 19:28:34 [INFO]-... initialized Struts-Spring integration successfully
2017-06-18 19:28:34 [INFO]-Closing Root WebApplicationContext: startup date [Sun Jun 18 18:15:41 CST 2017]; root of context hierarchy
2017-06-18 19:28:34 [INFO]-Destroying singletons in org.springframework.beans.factory.support.DefaultListableBeanFactory@1c5eafc: defining beans [propertyConfig,dataSource,sessionFactory,transactionManager,txAdvice,serviceTemplate,userService,userAction,logService,logAction,supplierService,supplierAction,categoryService,categoryAction,depotService,depotAction,appService,appAction,roleService,roleAction,functionsService,functionsAction,userBusinessService,userBusinessAction,assetnameService,assetNameAction,assetService,assetAction,reportService,reportAction,personService,personAction,materialCategoryService,materialCategoryAction,materialService,materialAction,depotHeadService,depotHeadAction,depotItemService,depotItemAction,accountService,accountAction,inOutItemService,inOutItemAction,accountHeadService,accountHeadAction,accountItemService,accountItemAction,daoTemplate,baseDao,userDao,logDao,supplierDao,categoryDao,depotDao,assetNameDao,assetDao,reportDao,appDao,roleDao,functionsDao,userBusinessDao,personDao,materialCategoryDao,materialDao,depotHeadDao,depotItemDao,accountDao,inOutItemDao,accountHeadDao,accountItemDao]; root of factory hierarchy
2017-06-18 19:28:34 [INFO]-Closing Hibernate SessionFactory
2017-06-18 19:28:45 [INFO]-Root WebApplicationContext: initialization started
2017-06-18 19:28:45 [INFO]-Refreshing Root WebApplicationContext: startup date [Sun Jun 18 19:28:45 CST 2017]; root of context hierarchy
2017-06-18 19:28:45 [INFO]-Loading XML bean definitions from file [D:\mayun\JSH_ERP\src\main\webapp\WEB-INF\classes\spring\basic-applicationContext.xml]
2017-06-18 19:28:45 [INFO]-Loading XML bean definitions from file [D:\mayun\JSH_ERP\src\main\webapp\WEB-INF\classes\spring\dao-applicationContext.xml]
2017-06-18 19:28:45 [INFO]-Loading properties file from class path resource [common/jdbc.properties]
2017-06-18 19:28:45 [INFO]-Pre-instantiating singletons in org.springframework.beans.factory.support.DefaultListableBeanFactory@7fab51: defining beans [propertyConfig,dataSource,sessionFactory,transactionManager,txAdvice,serviceTemplate,userService,userAction,logService,logAction,supplierService,supplierAction,categoryService,categoryAction,depotService,depotAction,appService,appAction,roleService,roleAction,functionsService,functionsAction,userBusinessService,userBusinessAction,assetnameService,assetNameAction,assetService,assetAction,reportService,reportAction,personService,personAction,materialCategoryService,materialCategoryAction,materialService,materialAction,depotHeadService,depotHeadAction,depotItemService,depotItemAction,accountService,accountAction,inOutItemService,inOutItemAction,accountHeadService,accountHeadAction,accountItemService,accountItemAction,daoTemplate,baseDao,userDao,logDao,supplierDao,categoryDao,depotDao,assetNameDao,assetDao,reportDao,appDao,roleDao,functionsDao,userBusinessDao,personDao,materialCategoryDao,materialDao,depotHeadDao,depotItemDao,accountDao,inOutItemDao,accountHeadDao,accountItemDao]; root of factory hierarchy
2017-06-18 19:28:45 [INFO]-MLog clients using log4j logging.
2017-06-18 19:28:45 [INFO]-Initializing c3p0-0.9.1.2 [built 21-May-2007 15:04:56; debug? true; trace: 10]
2017-06-18 19:28:46 [INFO]-Building new Hibernate SessionFactory
2017-06-18 19:28:46 [INFO]-Initializing c3p0 pool... com.mchange.v2.c3p0.ComboPooledDataSource [ acquireIncrement -> 10, acquireRetryAttempts -> 30, acquireRetryDelay -> 1000, autoCommitOnClose -> false, automaticTestTable -> null, breakAfterAcquireFailure -> false, checkoutTimeout -> 0, connectionCustomizerClassName -> null, connectionTesterClassName -> com.mchange.v2.c3p0.impl.DefaultConnectionTester, dataSourceName -> 1hgekrn9o1fviikl1syywso|1e5efb, debugUnreturnedConnectionStackTraces -> false, description -> null, driverClass -> com.mysql.jdbc.Driver, factoryClassLocation -> null, forceIgnoreUnresolvedTransactions -> false, identityToken -> 1hgekrn9o1fviikl1syywso|1e5efb, idleConnectionTestPeriod -> 60, initialPoolSize -> 10, jdbcUrl -> jdbc:mysql://localhost:3306/jsh_erp?useUnicode=true&amp;characterEncoding=UTF-8, maxAdministrativeTaskTime -> 0, maxConnectionAge -> 0, maxIdleTime -> 60, maxIdleTimeExcessConnections -> 0, maxPoolSize -> 80, maxStatements -> 6000, maxStatementsPerConnection -> 0, minPoolSize -> 3, numHelperThreads -> 3, numThreadsAwaitingCheckoutDefaultUser -> 0, preferredTestQuery -> null, properties -> {user=******, password=******}, propertyCycle -> 0, testConnectionOnCheckin -> false, testConnectionOnCheckout -> false, unreturnedConnectionTimeout -> 0, usesTraditionalReflectiveProxies -> false ]
2017-06-18 19:28:51 [INFO]-Using DataSource [com.mchange.v2.c3p0.ComboPooledDataSource [ acquireIncrement -> 10, acquireRetryAttempts -> 30, acquireRetryDelay -> 1000, autoCommitOnClose -> false, automaticTestTable -> null, breakAfterAcquireFailure -> false, checkoutTimeout -> 0, connectionCustomizerClassName -> null, connectionTesterClassName -> com.mchange.v2.c3p0.impl.DefaultConnectionTester, dataSourceName -> 1hgekrn9o1fviikl1syywso|1e5efb, debugUnreturnedConnectionStackTraces -> false, description -> null, driverClass -> com.mysql.jdbc.Driver, factoryClassLocation -> null, forceIgnoreUnresolvedTransactions -> false, identityToken -> 1hgekrn9o1fviikl1syywso|1e5efb, idleConnectionTestPeriod -> 60, initialPoolSize -> 10, jdbcUrl -> jdbc:mysql://localhost:3306/jsh_erp?useUnicode=true&amp;characterEncoding=UTF-8, maxAdministrativeTaskTime -> 0, maxConnectionAge -> 0, maxIdleTime -> 60, maxIdleTimeExcessConnections -> 0, maxPoolSize -> 80, maxStatements -> 6000, maxStatementsPerConnection -> 0, minPoolSize -> 3, numHelperThreads -> 3, numThreadsAwaitingCheckoutDefaultUser -> 0, preferredTestQuery -> null, properties -> {user=******, password=******}, propertyCycle -> 0, testConnectionOnCheckin -> false, testConnectionOnCheckout -> false, unreturnedConnectionTimeout -> 0, usesTraditionalReflectiveProxies -> false ]] of Hibernate SessionFactory for HibernateTransactionManager
2017-06-18 19:28:51 [INFO]-Root WebApplicationContext: initialization completed in 6080 ms
2017-06-18 19:28:51 [INFO]-Parsing configuration file [struts2/struts.xml]
2017-06-18 19:28:51 [INFO]-Initializing Struts-Spring integration...
2017-06-18 19:28:51 [INFO]-Setting autowire strategy to name
2017-06-18 19:28:51 [INFO]-... initialized Struts-Spring integration successfully
2017-06-18 19:35:34 [INFO]-==================开始调用增加仓管通信息信息方法create()=================== [class:com.jsh.action.materials.DepotHeadAction method:create line:70]
2017-06-18 19:35:34 [INFO]-==================结束调用增加仓管通方法create()=================== [class:com.jsh.action.materials.DepotHeadAction method:create line:126]
2017-06-18 19:35:34 [INFO]-==================开始调用保存仓管通明细信息方法saveDetials()=================== [class:com.jsh.action.materials.DepotItemAction method:saveDetials line:47]
2017-06-18 19:35:34 [INFO]-==================结束调用保存仓管通明细方法saveDetials()=================== [class:com.jsh.action.materials.DepotItemAction method:saveDetials line:125]
2017-06-18 19:36:33 [INFO]-==================开始调用增加仓管通信息信息方法create()=================== [class:com.jsh.action.materials.DepotHeadAction method:create line:70]
2017-06-18 19:36:33 [INFO]-==================结束调用增加仓管通方法create()=================== [class:com.jsh.action.materials.DepotHeadAction method:create line:126]
2017-06-18 19:36:33 [INFO]-==================开始调用保存仓管通明细信息方法saveDetials()=================== [class:com.jsh.action.materials.DepotItemAction method:saveDetials line:47]
2017-06-18 19:36:33 [INFO]-==================结束调用保存仓管通明细方法saveDetials()=================== [class:com.jsh.action.materials.DepotItemAction method:saveDetials line:125]
2017-06-18 19:46:39 [INFO]-====================开始调用删除仓管通信息方法delete()================ [class:com.jsh.action.materials.DepotHeadAction method:delete line:135]
2017-06-18 19:46:39 [INFO]-====================结束调用删除仓管通信息方法delete()================ [class:com.jsh.action.materials.DepotHeadAction method:delete line:152]
2017-06-18 19:53:49 [INFO]-==================开始调用增加仓管通信息信息方法create()=================== [class:com.jsh.action.materials.DepotHeadAction method:create line:70]
2017-06-18 19:53:49 [INFO]-==================结束调用增加仓管通方法create()=================== [class:com.jsh.action.materials.DepotHeadAction method:create line:126]
2017-06-18 19:53:49 [INFO]-==================开始调用保存仓管通明细信息方法saveDetials()=================== [class:com.jsh.action.materials.DepotItemAction method:saveDetials line:47]
2017-06-18 19:53:49 [INFO]-==================结束调用保存仓管通明细方法saveDetials()=================== [class:com.jsh.action.materials.DepotItemAction method:saveDetials line:125]
2017-06-18 22:56:17 [INFO]-==================开始调用增加仓管通信息信息方法create()=================== [class:com.jsh.action.materials.DepotHeadAction method:create line:70]
2017-06-18 22:56:17 [INFO]-==================结束调用增加仓管通方法create()=================== [class:com.jsh.action.materials.DepotHeadAction method:create line:126]
2017-06-18 22:56:17 [INFO]-==================开始调用保存仓管通明细信息方法saveDetials()=================== [class:com.jsh.action.materials.DepotItemAction method:saveDetials line:47]
2017-06-18 22:56:17 [INFO]-==================结束调用保存仓管通明细方法saveDetials()=================== [class:com.jsh.action.materials.DepotItemAction method:saveDetials line:125]
2017-06-18 23:50:52 [INFO]-============用户登录 login 方法调用开始============== [class:com.jsh.action.basic.UserAction method:login line:37]
2017-06-18 23:50:52 [INFO]-===============用户登录 login 方法调用结束=============== [class:com.jsh.action.basic.UserAction method:login line:105]
